c:\users\david\source\repos\fallingsandsimulation\fallingsandsimulation\debug\vc142.pdb
c:\users\david\source\repos\fallingsandsimulation\fallingsandsimulation\debug\vc142.idb
c:\users\david\source\repos\fallingsandsimulation\fallingsandsimulation\debug\unitutils.obj
c:\users\david\source\repos\fallingsandsimulation\fallingsandsimulation\debug\solid.obj
c:\users\david\source\repos\fallingsandsimulation\fallingsandsimulation\debug\main.obj
c:\users\david\source\repos\fallingsandsimulation\fallingsandsimulation\debug\immovablesolid.obj
c:\users\david\source\repos\fallingsandsimulation\fallingsandsimulation\debug\game.obj
c:\users\david\source\repos\fallingsandsimulation\fallingsandsimulation\debug\element.obj
c:\users\david\source\repos\fallingsandsimulation\fallingsandsimulation\debug\cellularmatrix.obj
c:\users\david\source\repos\fallingsandsimulation\fallingsandsimulation\debug\game.obj.enc
c:\users\david\source\repos\fallingsandsimulation\debug\fallingsandsimulation.pdb
c:\users\david\source\repos\fallingsandsimulation\fallingsandsimulation\debug\fallings.6236a4b5.tlog\cl.command.1.tlog
c:\users\david\source\repos\fallingsandsimulation\fallingsandsimulation\debug\fallings.6236a4b5.tlog\cl.read.1.tlog
c:\users\david\source\repos\fallingsandsimulation\fallingsandsimulation\debug\fallings.6236a4b5.tlog\cl.write.1.tlog
c:\users\david\source\repos\fallingsandsimulation\fallingsandsimulation\debug\fallings.6236a4b5.tlog\link-cvtres.read.1.tlog
c:\users\david\source\repos\fallingsandsimulation\fallingsandsimulation\debug\fallings.6236a4b5.tlog\link-cvtres.write.1.tlog
c:\users\david\source\repos\fallingsandsimulation\fallingsandsimulation\debug\fallings.6236a4b5.tlog\link-rc.read.1.tlog
c:\users\david\source\repos\fallingsandsimulation\fallingsandsimulation\debug\fallings.6236a4b5.tlog\link-rc.write.1.tlog
c:\users\david\source\repos\fallingsandsimulation\fallingsandsimulation\debug\fallings.6236a4b5.tlog\link.8184-cvtres.read.1.tlog
c:\users\david\source\repos\fallingsandsimulation\fallingsandsimulation\debug\fallings.6236a4b5.tlog\link.8184-cvtres.write.1.tlog
c:\users\david\source\repos\fallingsandsimulation\fallingsandsimulation\debug\fallings.6236a4b5.tlog\link.8184-rc.read.1.tlog
c:\users\david\source\repos\fallingsandsimulation\fallingsandsimulation\debug\fallings.6236a4b5.tlog\link.8184-rc.write.1.tlog
c:\users\david\source\repos\fallingsandsimulation\fallingsandsimulation\debug\fallings.6236a4b5.tlog\link.8184.read.1.tlog
c:\users\david\source\repos\fallingsandsimulation\fallingsandsimulation\debug\fallings.6236a4b5.tlog\link.8184.write.1.tlog
c:\users\david\source\repos\fallingsandsimulation\fallingsandsimulation\debug\fallings.6236a4b5.tlog\link.command.1.tlog
c:\users\david\source\repos\fallingsandsimulation\fallingsandsimulation\debug\fallings.6236a4b5.tlog\link.read.1.tlog
c:\users\david\source\repos\fallingsandsimulation\fallingsandsimulation\debug\fallings.6236a4b5.tlog\link.write.1.tlog
