C:\Program Files (x86)\Microsoft Visual Studio\2019\Community\MSBuild\Microsoft\VC\v160\Microsoft.CppBuild.targets(491,5): warning MSB8028: The intermediate directory (Debug\) contains files shared from another project (FallingSandSimulation.vcxproj).  This can lead to incorrect clean and rebuild behavior.
  main.cpp
C:\Users\David\source\repos\FallingSandSimulation\FallingSandSimulation\main.cpp(39,19): warning C4244: 'initializing': conversion from '__int64' to 'int', possible loss of data
  RockPaperScissors.cpp
  RuleSet.cpp
  Simulation.cpp
C:\Users\David\source\repos\FallingSandSimulation\FallingSandSimulation\Simulation.cpp(40,12): warning C4244: 'argument': conversion from 'time_t' to 'unsigned int', possible loss of data
C:\Users\David\source\repos\FallingSandSimulation\FallingSandSimulation\Simulation.cpp(52,70): warning C4244: 'argument': conversion from 'unsigned int' to 'T', possible loss of data
          with
          [
              T=float
          ]
C:\Users\David\source\repos\FallingSandSimulation\FallingSandSimulation\Simulation.cpp(52,51): warning C4244: 'argument': conversion from 'unsigned int' to 'T', possible loss of data
          with
          [
              T=float
          ]
C:\Users\David\source\repos\FallingSandSimulation\FallingSandSimulation\Simulation.cpp(172,95): warning C4244: 'argument': conversion from 'int' to 'float', possible loss of data
C:\Users\David\source\repos\FallingSandSimulation\FallingSandSimulation\Simulation.cpp(172,58): warning C4244: 'argument': conversion from 'int' to 'float', possible loss of data
  Generating Code...
  FallingSandSimulation.vcxproj -> C:\Users\David\source\repos\FallingSandSimulation\Debug\FallingSandSimulation.exe
